<?xml version="1.0" encoding="UTF-8"?>
<!-- Generated by org.testng.reporters.JUnitXMLReporter -->
<testsuite ignored="0" hostname="LAPTOP-T9AMV25E" failures="0" tests="9" name="Default test" time="71.097" errors="0" timestamp="2024-12-14T06:51:05 IST">
  <testcase classname="com.parabank.testcases.TC_RegisterCustomerTest" name="verifyAppLaunch" time="10.826"/>
  <testcase classname="com.parabank.testcases.TC_RegisterCustomerTest" name="verifyRegistration" time="5.835"/>
  <testcase classname="com.parabank.testcases.TC_RegisterCustomerTest" name="verifyLogOut" time="0.708"/>
  <testcase classname="com.parabank.testcases.TC_RegisterCustomerTest" name="verifyLogin" time="3.292"/>
  <testcase classname="com.parabank.testcases.TC_RegisterCustomerTest" name="verifyInitialAccountDetails" time="2.521"/>
  <testcase classname="com.parabank.testcases.TC_RegisterCustomerTest" name="verifyOpenNewAccount" time="10.717"/>
  <testcase classname="com.parabank.testcases.TC_RegisterCustomerTest" name="verifyFundsTransfer" time="6.903"/>
  <testcase classname="com.parabank.testcases.TC_RegisterCustomerTest" name="verifyBillPayment" time="7.666"/>
  <testcase classname="com.parabank.testcases.TC_RegisterCustomerTest" name="verifyTransactionDetailsByAmountAPI" time="4.485"/>
</testsuite> <!-- Default test -->
