<?xml version="1.0" encoding="UTF-8"?>
<!-- Generated by org.testng.reporters.JUnitXMLReporter -->
<testsuite ignored="0" hostname="LAPTOP-T9AMV25E" failures="0" tests="9" name="Test" time="67.091" errors="0" timestamp="2024-12-14T06:44:41 IST">
  <testcase classname="com.parabank.testcases.TC_RegisterCustomerTest" name="verifyAppLaunch" time="5.264"/>
  <testcase classname="com.parabank.testcases.TC_RegisterCustomerTest" name="verifyRegistration" time="6.293"/>
  <testcase classname="com.parabank.testcases.TC_RegisterCustomerTest" name="verifyLogOut" time="2.508"/>
  <testcase classname="com.parabank.testcases.TC_RegisterCustomerTest" name="verifyLogin" time="3.711"/>
  <testcase classname="com.parabank.testcases.TC_RegisterCustomerTest" name="verifyInitialAccountDetails" time="2.716"/>
  <testcase classname="com.parabank.testcases.TC_RegisterCustomerTest" name="verifyOpenNewAccount" time="10.092"/>
  <testcase classname="com.parabank.testcases.TC_RegisterCustomerTest" name="verifyFundsTransfer" time="6.883"/>
  <testcase classname="com.parabank.testcases.TC_RegisterCustomerTest" name="verifyBillPayment" time="7.511"/>
  <testcase classname="com.parabank.testcases.TC_RegisterCustomerTest" name="verifyTransactionDetailsByAmountAPI" time="4.0"/>
</testsuite> <!-- Test -->
